<?xml version="1.0" encoding="UTF-8"?>
<!-- Generated by org.testng.reporters.JUnitXMLReporter -->
<testsuite hostname="qtlsys2-139" name="Test" tests="1" failures="1" timestamp="20 Sep 2018 13:17:17 GMT" time="6.023" errors="0">
  <testcase name="DefaultPayment_Void" time="2.184" classname="Tests.ExecuteScripts">
    <failure type="java.io.FileNotFoundException" message="E:\QC_Workspace\AA_Automation\TestData\LOC_Smoke\QC_DefaultPayment_Void_Txn_Testdata.xls (The system cannot find the file specified)">
      <![CDATA[java.io.FileNotFoundException: E:\QC_Workspace\AA_Automation\TestData\LOC_Smoke\QC_DefaultPayment_Void_Txn_Testdata.xls (The system cannot find the file specified)
	at java.io.FileInputStream.open0(Native Method)
	at java.io.FileInputStream.open(FileInputStream.java:195)
	at java.io.FileInputStream.<init>(FileInputStream.java:138)
	at java.io.FileInputStream.<init>(FileInputStream.java:93)
	at Utilities.ExtentReports.Excel.<init>(Excel.java:34)
	at Pages.BorrowerRegistrationpage.RegistrationPage_NewLoan(BorrowerRegistrationpage.java:719)
	at Tests.ExecuteScripts.DefaultPayment_Void(ExecuteScripts.java:6902)
... Removed 23 stack frames]]>
    </failure>
  </testcase> <!-- DefaultPayment_Void -->
</testsuite> <!-- Test -->
